Determining if the pthread_create exist failed with the following output:
Change Dir: /home/zhou/opencv_demo/demo1/CMakeFiles/CMakeTmp

Run Build Command:"/usr/bin/make" "cmTC_8f6ab/fast"
/usr/bin/make -f CMakeFiles/cmTC_8f6ab.dir/build.make CMakeFiles/cmTC_8f6ab.dir/build
make[1]: Entering directory '/home/zhou/opencv_demo/demo1/CMakeFiles/CMakeTmp'
Building C object CMakeFiles/cmTC_8f6ab.dir/CheckSymbolExists.c.o
/usr/bin/cc     -o CMakeFiles/cmTC_8f6ab.dir/CheckSymbolExists.c.o   -c /home/zhou/opencv_demo/demo1/CMakeFiles/CMakeTmp/CheckSymbolExists.c
Linking C executable cmTC_8f6ab
/usr/bin/cmake -E cmake_link_script CMakeFiles/cmTC_8f6ab.dir/link.txt --verbose=1
/usr/bin/cc       CMakeFiles/cmTC_8f6ab.dir/CheckSymbolExists.c.o  -o cmTC_8f6ab -rdynamic 
CMakeFiles/cmTC_8f6ab.dir/CheckSymbolExists.c.o：在函数‘main’中：
CheckSymbolExists.c:(.text+0x16)：对‘pthread_create’未定义的引用
collect2: error: ld returned 1 exit status
CMakeFiles/cmTC_8f6ab.dir/build.make:97: recipe for target 'cmTC_8f6ab' failed
make[1]: *** [cmTC_8f6ab] Error 1
make[1]: Leaving directory '/home/zhou/opencv_demo/demo1/CMakeFiles/CMakeTmp'
Makefile:126: recipe for target 'cmTC_8f6ab/fast' failed
make: *** [cmTC_8f6ab/fast] Error 2

File /home/zhou/opencv_demo/demo1/CMakeFiles/CMakeTmp/CheckSymbolExists.c:
/* */
#include <pthread.h>

int main(int argc, char** argv)
{
  (void)argv;
#ifndef pthread_create
  return ((int*)(&pthread_create))[argc];
#else
  (void)argc;
  return 0;
#endif
}

Determining if the function pthread_create exists in the pthreads failed with the following output:
Change Dir: /home/zhou/opencv_demo/demo1/CMakeFiles/CMakeTmp

Run Build Command:"/usr/bin/make" "cmTC_7fe60/fast"
/usr/bin/make -f CMakeFiles/cmTC_7fe60.dir/build.make CMakeFiles/cmTC_7fe60.dir/build
make[1]: Entering directory '/home/zhou/opencv_demo/demo1/CMakeFiles/CMakeTmp'
Building C object CMakeFiles/cmTC_7fe60.dir/CheckFunctionExists.c.o
/usr/bin/cc    -DCHECK_FUNCTION_EXISTS=pthread_create   -o CMakeFiles/cmTC_7fe60.dir/CheckFunctionExists.c.o   -c /usr/share/cmake-3.5/Modules/CheckFunctionExists.c
Linking C executable cmTC_7fe60
/usr/bin/cmake -E cmake_link_script CMakeFiles/cmTC_7fe60.dir/link.txt --verbose=1
/usr/bin/cc   -DCHECK_FUNCTION_EXISTS=pthread_create    CMakeFiles/cmTC_7fe60.dir/CheckFunctionExists.c.o  -o cmTC_7fe60 -rdynamic -lpthreads 
/usr/bin/ld: 找不到 -lpthreads
collect2: error: ld returned 1 exit status
CMakeFiles/cmTC_7fe60.dir/build.make:97: recipe for target 'cmTC_7fe60' failed
make[1]: *** [cmTC_7fe60] Error 1
make[1]: Leaving directory '/home/zhou/opencv_demo/demo1/CMakeFiles/CMakeTmp'
Makefile:126: recipe for target 'cmTC_7fe60/fast' failed
make: *** [cmTC_7fe60/fast] Error 2


